<?xml version="1.0" encoding="UTF-8"?>
<!-- Generated by org.testng.reporters.JUnitXMLReporter -->
<testsuite ignored="1" hostname="LTIN183334" failures="0" tests="9" name="Edge Test" time="238.836" errors="0" timestamp="2024-03-13T14:50:07 IST">
  <testcase classname="trutime.tests.BeCognizantTests" name="launchBeCognizant" time="9.021"/>
  <testcase classname="trutime.tests.BeCognizantTests" name="validateDetails" time="101.499"/>
  <testcase classname="trutime.tests.OneCognizantTests" name="launchOneCognizantT" time="10.67"/>
  <testcase classname="trutime.tests.OneCognizantTests" name="populateSearchBarT" time="108.691"/>
  <testcase classname="trutime.tests.OneCognizantTests" name="weekValidationT" time="0.272"/>
  <testcase classname="trutime.tests.OneCognizantTests" name="currentDateValidationT" time="0.055"/>
  <testcase classname="trutime.tests.OneCognizantTests" name="currentMonthYearValidationT" time="0.124"/>
  <testcase classname="trutime.tests.OneCognizantTests" name="topUpsAvailableDateT" time="0.048"/>
  <testcase classname="trutime.tests.OneCognizantTests" name="validateLegendsT" time="0.732"/>
  <testcase classname="trutime.baseclass.BaseClass" name="@BeforeTest createDriver" time="0.0">
    <ignored/>
  </testcase> <!-- @BeforeTest createDriver -->
</testsuite> <!-- Edge Test -->
